{
  "RSpec": {
    "coverage": {
      "/home/donai/Documentos/Desarrollo/Ruby/Rails/ApiPanda/spec/controllers/sessions_controller_spec.rb": [
        1,
        null,
        1,
        null,
        1,
        1,
        1,
        1,
        null,
        null,
        null,
        1,
        1,
        1,
        1,
        null,
        null,
        null,
        null
      ],
      "/home/donai/Documentos/Desarrollo/Ruby/Rails/ApiPanda/spec/rails_helper.rb": [
        null,
        1,
        1,
        1,
        null,
        1,
        1,
        null,
        null,
        null,
        null,
        null,
        null,
        null,
        null,
        null,
        null,
        null,
        null,
        null,
        null,
        null,
        null,
        null,
        null,
        null,
        1,
        null,
        null,
        null,
        null,
        null,
        null,
        null,
        null,
        null,
        null,
        null,
        null,
        null,
        1,
        null,
        null,
        1,
        null,
        null,
        null
      ],
      "/home/donai/Documentos/Desarrollo/Ruby/Rails/ApiPanda/config/environment.rb": [
        null,
        1,
        null,
        null,
        1
      ],
      "/home/donai/Documentos/Desarrollo/Ruby/Rails/ApiPanda/config/application.rb": [
        1,
        null,
        1,
        null,
        1,
        1,
        null,
        null,
        1,
        1,
        1,
        1,
        null,
        null,
        null,
        null,
        null,
        1,
        null,
        1,
        1,
        null,
        1,
        null,
        null,
        null,
        null,
        null,
        null,
        null,
        null,
        null,
        1,
        null,
        null
      ],
      "/home/donai/Documentos/Desarrollo/Ruby/Rails/ApiPanda/config/boot.rb": [
        1,
        null,
        1,
        1
      ],
      "/home/donai/Documentos/Desarrollo/Ruby/Rails/ApiPanda/config/environments/test.rb": [
        1,
        null,
        null,
        null,
        null,
        null,
        null,
        1,
        null,
        null,
        null,
        null,
        1,
        null,
        null,
        1,
        1,
        null,
        null,
        null,
        null,
        1,
        1,
        null,
        null,
        1,
        null,
        null,
        1,
        null,
        1,
        null,
        null,
        null,
        null,
        1,
        null,
        null,
        1,
        null,
        null,
        null,
        null
      ],
      "/home/donai/Documentos/Desarrollo/Ruby/Rails/ApiPanda/config/initializers/application_controller_renderer.rb": [
        null,
        null,
        null,
        null,
        null,
        null,
        null,
        null
      ],
      "/home/donai/Documentos/Desarrollo/Ruby/Rails/ApiPanda/config/initializers/backtrace_silencers.rb": [
        null,
        null,
        null,
        null,
        null,
        null,
        null
      ],
      "/home/donai/Documentos/Desarrollo/Ruby/Rails/ApiPanda/config/initializers/cors.rb": [
        null,
        null,
        null,
        null,
        null,
        null,
        null,
        null,
        null,
        null,
        null,
        null,
        null,
        null,
        null,
        null
      ],
      "/home/donai/Documentos/Desarrollo/Ruby/Rails/ApiPanda/config/initializers/filter_parameter_logging.rb": [
        null,
        null,
        null,
        1
      ],
      "/home/donai/Documentos/Desarrollo/Ruby/Rails/ApiPanda/config/initializers/inflections.rb": [
        null,
        null,
        null,
        null,
        null,
        null,
        null,
        null,
        null,
        null,
        null,
        null,
        null,
        null,
        null,
        null
      ],
      "/home/donai/Documentos/Desarrollo/Ruby/Rails/ApiPanda/config/initializers/mime_types.rb": [
        null,
        null,
        null,
        null
      ],
      "/home/donai/Documentos/Desarrollo/Ruby/Rails/ApiPanda/config/initializers/wrap_parameters.rb": [
        null,
        null,
        null,
        null,
        null,
        null,
        1,
        2,
        null
      ],
      "/home/donai/Documentos/Desarrollo/Ruby/Rails/ApiPanda/spec/factories/users.rb": [
        1,
        1,
        1,
        1,
        1,
        1,
        1,
        1,
        null,
        null
      ],
      "/home/donai/Documentos/Desarrollo/Ruby/Rails/ApiPanda/config/routes.rb": [
        1,
        1,
        1,
        1,
        null,
        null
      ],
      "/home/donai/Documentos/Desarrollo/Ruby/Rails/ApiPanda/app/controllers/sessions_controller.rb": [
        1,
        1,
        null,
        1,
        1,
        null,
        null,
        1,
        null,
        null,
        1,
        null,
        0,
        null,
        null,
        null,
        1,
        1,
        null,
        null,
        null
      ],
      "/home/donai/Documentos/Desarrollo/Ruby/Rails/ApiPanda/app/controllers/application_controller.rb": [
        1,
        null
      ],
      "/home/donai/Documentos/Desarrollo/Ruby/Rails/ApiPanda/spec/controllers/users_controller_spec.rb": [
        1,
        null,
        null,
        null,
        null,
        null,
        null,
        null,
        null,
        null,
        null,
        null,
        null,
        null,
        null,
        null,
        null,
        null,
        null,
        null,
        null,
        null,
        null,
        null,
        null,
        1,
        null,
        null,
        null,
        null,
        1,
        8,
        null,
        null,
        1,
        1,
        null,
        null,
        null,
        null,
        null,
        1,
        null,
        1,
        1,
        1,
        0,
        0,
        null,
        null,
        null,
        1,
        1,
        1,
        0,
        0,
        null,
        null,
        null,
        1,
        1,
        1,
        1,
        1,
        null,
        null,
        null,
        1,
        null,
        1,
        0,
        0,
        0,
        null,
        null,
        null,
        1,
        1,
        null,
        1,
        0,
        0,
        null,
        null,
        null,
        null,
        1,
        1,
        1,
        0,
        null,
        null,
        1,
        1,
        0,
        0,
        0,
        null,
        null,
        1,
        1,
        null,
        0,
        0,
        0,
        null,
        null,
        null,
        1,
        1,
        1,
        null,
        0,
        0,
        0,
        null,
        null,
        null,
        null,
        1,
        1,
        1,
        0,
        0,
        null,
        null,
        null,
        null,
        null
      ],
      "/home/donai/Documentos/Desarrollo/Ruby/Rails/ApiPanda/app/controllers/users_controller.rb": [
        1,
        1,
        null,
        null,
        1,
        null,
        null,
        1,
        1,
        null,
        1,
        null,
        null,
        null,
        1,
        0,
        null,
        null,
        null,
        1,
        0,
        null,
        0,
        0,
        null,
        0,
        null,
        null,
        null,
        null,
        1,
        0,
        0,
        null,
        0,
        null,
        null,
        null,
        null,
        1,
        0,
        null,
        null,
        1,
        null,
        1,
        0,
        null,
        null,
        null,
        1,
        0,
        null,
        null
      ],
      "/home/donai/Documentos/Desarrollo/Ruby/Rails/ApiPanda/spec/models/user_spec.rb": [
        1,
        null,
        1,
        1,
        null
      ],
      "/home/donai/Documentos/Desarrollo/Ruby/Rails/ApiPanda/app/models/user.rb": [
        1,
        1,
        1,
        1,
        1,
        1,
        1,
        1,
        1,
        null,
        1,
        null,
        null
      ],
      "/home/donai/Documentos/Desarrollo/Ruby/Rails/ApiPanda/spec/requests/users_spec.rb": [
        1,
        null,
        1,
        1,
        1,
        1,
        1,
        null,
        null,
        null
      ],
      "/home/donai/Documentos/Desarrollo/Ruby/Rails/ApiPanda/spec/routing/users_routing_spec.rb": [
        1,
        null,
        1,
        1,
        1,
        1,
        null,
        null,
        1,
        1,
        null,
        null,
        null,
        1,
        1,
        null,
        null,
        1,
        1,
        null,
        null,
        1,
        1,
        null,
        null,
        1,
        1,
        null,
        null,
        null
      ]
    },
    "timestamp": 1545838935
  }
}
